<?xml version="1.0" encoding="UTF-8"?>
<!-- Generated by org.testng.reporters.JUnitReportReporter -->
<testsuite hostname="Himanshu_PC" failures="0" tests="1" name="TestNG.Cars.LandRover" time="2.927" errors="0" timestamp="2024-10-23T08:38:09 IST" skipped="0">
  <testcase classname="TestNG.Cars.LandRover" name="launch" time="2.927"/>
  <system-out>
    <![CDATA[Land Rover Launched SuccessFully]]>
  </system-out>
</testsuite> <!-- TestNG.Cars.LandRover -->
