<?xml version="1.0" encoding="UTF-8"?>
<!-- Generated by org.testng.reporters.JUnitReportReporter -->
<testsuite hostname="Himanshu_PC" failures="0" tests="2" name="TestNG.ConfigurationAnnotation" time="0.008" errors="0" timestamp="2024-10-24T09:15:34 IST" skipped="0">
  <testcase classname="TestNG.ConfigurationAnnotation" name="demo" time="0.007"/>
  <system-out>
    <![CDATA[@Test (Demo) Executed]]>
  </system-out>
  <testcase classname="TestNG.ConfigurationAnnotation" name="sample" time="0.001"/>
  <system-out>
    <![CDATA[@Test(sample) Executed]]>
  </system-out>
</testsuite> <!-- TestNG.ConfigurationAnnotation -->
