<?xml version="1.0" encoding="UTF-8"?>
<!-- Generated by org.testng.reporters.JUnitReportReporter -->
<testsuite hostname="Himanshu_PC" failures="0" tests="1" name="crossBrowserTesting.ToLearnCrossBrowserTesting" time="5.695" errors="0" timestamp="2024-10-25T13:43:34 IST" skipped="0">
  <testcase classname="crossBrowserTesting.ToLearnCrossBrowserTesting" name="launch" time="5.695"/>
  <system-out/>
</testsuite> <!-- crossBrowserTesting.ToLearnCrossBrowserTesting -->
