<?xml version="1.0" encoding="UTF-8"?>
<!-- Generated by org.testng.reporters.JUnitReportReporter -->
<testsuite hostname="Himanshu_PC" failures="0" tests="3" name="TestNG.SepearateModuleForEachClass.TestScript" time="20.362" errors="0" timestamp="2024-10-25T14:05:30 IST" skipped="0">
  <testcase classname="TestNG.SepearateModuleForEachClass.TestScript" name="clickOnBooks" time="5.588"/>
  <system-out>
    <![CDATA[Books Page is Displayed]]>
  </system-out>
  <testcase classname="TestNG.SepearateModuleForEachClass.TestScript" name="clickOnBooks" time="6.621"/>
  <system-out>
    <![CDATA[Books Page is Displayed]]>
  </system-out>
  <testcase classname="TestNG.SepearateModuleForEachClass.TestScript" name="clickOnBooks" time="8.153"/>
  <system-out>
    <![CDATA[Books Page is Displayed]]>
  </system-out>
</testsuite> <!-- TestNG.SepearateModuleForEachClass.TestScript -->
