<?xml version="1.0" encoding="UTF-8"?>
<!-- Generated by org.testng.reporters.JUnitReportReporter -->
<testsuite hostname="Himanshu_PC" failures="0" tests="1" name="TestNG.ToLearnTestNg" time="0.011" errors="0" timestamp="2024-10-16T13:53:45 IST" skipped="0">
  <testcase classname="TestNG.ToLearnTestNg" name="demo" time="0.011"/>
  <system-out>
    <![CDATA[Welcome to advance Selenium
Lawrence Bishnoi is The Father Of All Congressi]]>
  </system-out>
</testsuite> <!-- TestNG.ToLearnTestNg -->
