<?xml version="1.0" encoding="UTF-8"?>
<!-- Generated by org.testng.reporters.JUnitReportReporter -->
<testsuite hostname="Himanshu_PC" failures="0" tests="1" name="assertion.Javaconditions" time="10.510" errors="0" timestamp="2024-10-23T13:21:22 IST" skipped="0">
  <testcase classname="assertion.Javaconditions" name="login" time="10.510"/>
  <system-out>
    <![CDATA[Welcome Page is Dispalyed
Login Page Is Displayed
Home Page Is Not Displayed]]>
  </system-out>
</testsuite> <!-- assertion.Javaconditions -->
