<?xml version="1.0" encoding="UTF-8"?>
<!-- Generated by org.testng.reporters.JUnitReportReporter -->
<testsuite hostname="Himanshu_PC" failures="0" tests="4" name="TestNG.AnnotationAttribute" time="16.170" errors="0" timestamp="2024-10-17T13:56:49 IST" skipped="1">
  <testcase classname="TestNG.AnnotationAttribute" name="register" time="4.929"/>
  <system-out>
    <![CDATA[Registration is successful]]>
  </system-out>
  <testcase classname="TestNG.AnnotationAttribute" name="register" time="5.628"/>
  <system-out>
    <![CDATA[Registration is successful]]>
  </system-out>
  <testcase classname="TestNG.AnnotationAttribute" name="register" time="5.613"/>
  <system-out>
    <![CDATA[Registration is successful]]>
  </system-out>
  <testcase classname="TestNG.AnnotationAttribute" name="login">
    <skipped/>
  </testcase> <!-- login -->
  <system-out/>
</testsuite> <!-- TestNG.AnnotationAttribute -->
