<?xml version="1.0" encoding="UTF-8"?>
<!-- Generated by org.testng.reporters.JUnitReportReporter -->
<testsuite hostname="Himanshu_PC" failures="0" tests="1" name="listeners.testNG.TestScript" time="0.009" errors="0" timestamp="2024-10-26T13:36:39 IST" skipped="0">
  <testcase classname="listeners.testNG.TestScript" name="login" time="0.009"/>
  <system-out>
    <![CDATA[Launch the browser
Navigate to url
Click on login link
Enter valid credentials
Click on login button
Test script is passed]]>
  </system-out>
</testsuite> <!-- listeners.testNG.TestScript -->
