<?xml version="1.0" encoding="UTF-8"?>
<!-- Generated by org.testng.reporters.JUnitReportReporter -->
<testsuite hostname="Himanshu_PC" failures="0" tests="1" name="TestNG.Cars.Ferrari" time="7.289" errors="0" timestamp="2024-10-23T08:37:40 IST" skipped="0">
  <testcase classname="TestNG.Cars.Ferrari" name="launch" time="7.289"/>
  <system-out>
    <![CDATA[Ferrari Luanched Successfully]]>
  </system-out>
</testsuite> <!-- TestNG.Cars.Ferrari -->
