<?xml version="1.0" encoding="UTF-8"?>
<!-- Generated by org.testng.reporters.JUnitReportReporter -->
<testsuite hostname="Himanshu_PC" failures="0" tests="1" name="TestNG.Cars.MiniCooper" time="3.424" errors="0" timestamp="2024-10-23T08:37:40 IST" skipped="0">
  <testcase classname="TestNG.Cars.MiniCooper" name="launch" time="3.424"/>
  <system-out>
    <![CDATA[Mini Cooper Launched SuccessFully]]>
  </system-out>
</testsuite> <!-- TestNG.Cars.MiniCooper -->
