<?xml version="1.0" encoding="UTF-8"?>
<!-- Generated by org.testng.reporters.JUnitReportReporter -->
<testsuite hostname="Himanshu_PC" failures="0" tests="1" name="TestNG.Cars.lamborghini" time="1.654" errors="0" timestamp="2024-10-23T08:38:09 IST" skipped="0">
  <testcase classname="TestNG.Cars.lamborghini" name="launch" time="1.654"/>
  <system-out>
    <![CDATA[Lamborghini Launched SuccessFully]]>
  </system-out>
</testsuite> <!-- TestNG.Cars.lamborghini -->
