<?xml version="1.0" encoding="UTF-8"?>
<!-- Generated by org.testng.reporters.JUnitReportReporter -->
<testsuite hostname="Himanshu_PC" failures="0" tests="1" name="listeners.testNG.DemoWebShop.TestScript" time="2.260" errors="0" timestamp="2024-10-28T13:24:09 IST" skipped="0">
  <testcase classname="listeners.testNG.DemoWebShop.TestScript" name="login" time="2.260"/>
  <system-out>
    <![CDATA[Pls Click on LOgin Link
Pls Enter Valid Credential
Click On Login Button
HOme Page Is Displayed]]>
  </system-out>
</testsuite> <!-- listeners.testNG.DemoWebShop.TestScript -->
