<?xml version="1.0" encoding="UTF-8"?>
<!-- Generated by org.testng.reporters.JUnitReportReporter -->
<testsuite hostname="Himanshu_PC" failures="0" tests="3" name="TestNG.Sample" time="0.012" errors="0" timestamp="2024-10-17T12:55:40 IST" skipped="0">
  <testcase classname="TestNG.Sample" name="sample" time="0.002"/>
  <system-out>
    <![CDATA[Welcome To Advance Selenium]]>
  </system-out>
  <testcase classname="TestNG.Sample" name="add" time="0.009"/>
  <system-out>
    <![CDATA[Add Method is executed]]>
  </system-out>
  <testcase classname="TestNG.Sample" name="demo" time="0.001"/>
  <system-out>
    <![CDATA[Demo Test case executed]]>
  </system-out>
</testsuite> <!-- TestNG.Sample -->
