<?xml version="1.0" encoding="UTF-8"?>
<!-- Generated by org.testng.reporters.JUnitReportReporter -->
<testsuite hostname="Himanshu_PC" failures="0" tests="1" name="TestNG.SepearateModuleForEachClass.TestScriptSkillRary" time="8.471" errors="0" timestamp="2024-10-24T10:02:56 IST" skipped="0">
  <testcase classname="TestNG.SepearateModuleForEachClass.TestScriptSkillRary" name="clickOnSales" time="8.471"/>
  <system-out>
    <![CDATA[Sales History Page Is Displayed]]>
  </system-out>
</testsuite> <!-- TestNG.SepearateModuleForEachClass.TestScriptSkillRary -->
